  正在验证源
  正在将源远程复制到“192.168.48.128”
  正在验证体系结构
  正在验证体系结构
D:\vs\MSBuild\Microsoft\VC\v160\Application Type\Linux\1.0\Linux.targets(200,5): warning : 当前项目体系结构“ARM”不兼容远程系统体系结构“x64”(“x64”)。请在 Configuration Manager 中将项目体系结构切换为“x64”。如果正在交叉编译，可以忽略此警告。
  正在启动远程生成
  正在编译源:
  buffer.cpp
  client.cpp
  源.cpp
  epoller.cpp
  pool.cpp
C:\Users\keda\Desktop\Projectweb\chatroom\pool\pool.cpp(36,22): warning : conversion to ‘int’ from ‘std::queue<st_mysql*>::size_type {aka long unsigned int}’ may alter its value [-Wconversion]
C:\Users\keda\Desktop\Projectweb\chatroom\pool\pool.cpp(36,22): warning :   return connQue_.size();
C:\Users\keda\Desktop\Projectweb\chatroom\pool\pool.cpp(36,22): warning :          ~~~~~~~~~~~~~^~
C:\Users\keda\Desktop\Projectweb\chatroom\pool\pool.cpp(67,6): warning : unused variable ‘useCount_’ [-Wunused-variable]
C:\Users\keda\Desktop\Projectweb\chatroom\pool\pool.cpp(67,6): warning :   int useCount_;
C:\Users\keda\Desktop\Projectweb\chatroom\pool\pool.cpp(67,6): warning :       ^~~~~~~~~
C:\Users\keda\Desktop\Projectweb\chatroom\pool\pool.cpp(68,6): warning : unused variable ‘freeCount_’ [-Wunused-variable]
C:\Users\keda\Desktop\Projectweb\chatroom\pool\pool.cpp(68,6): warning :   int freeCount_;
C:\Users\keda\Desktop\Projectweb\chatroom\pool\pool.cpp(68,6): warning :       ^~~~~~~~~~
  正在链接对象
C:\Users\keda\Desktop\Projectweb\chatroom\obj\ARM\Debug\client.o : error : In function `client::connRedis()':
C:\Users\keda\Desktop\Projectweb\chatroom\client\client.cpp(31): error : undefined reference to `redisConnect'
C:\Users\keda\Desktop\Projectweb\chatroom\obj\ARM\Debug\pool.o : error : In function `pool::GetConn()':
C:\Users\keda\Desktop\Projectweb\chatroom\pool\pool.cpp(13): error : undefined reference to `sem_wait'
C:\Users\keda\Desktop\Projectweb\chatroom\obj\ARM\Debug\pool.o : error : In function `pool::FreeConn(st_mysql*)':
C:\Users\keda\Desktop\Projectweb\chatroom\pool\pool.cpp(30): error : undefined reference to `sem_post'
C:\Users\keda\Desktop\Projectweb\chatroom\obj\ARM\Debug\pool.o : error : In function `pool::Init(char const*, int, char const*, char const*, char const*, int)':
C:\Users\keda\Desktop\Projectweb\chatroom\pool\pool.cpp(44): error : undefined reference to `mysql_init'
C:\Users\keda\Desktop\Projectweb\chatroom\pool\pool.cpp(45): error : undefined reference to `mysql_real_connect'
C:\Users\keda\Desktop\Projectweb\chatroom\pool\pool.cpp(49): error : undefined reference to `sem_init'
C:\Users\keda\Desktop\Projectweb\chatroom\obj\ARM\Debug\pool.o : error : In function `pool::ClosePool()':
C:\Users\keda\Desktop\Projectweb\chatroom\pool\pool.cpp(60): error : undefined reference to `mysql_close'
C:\Users\keda\Desktop\Projectweb\chatroom\pool\pool.cpp(62): error : undefined reference to `mysql_server_end'
collect2 : error : ld returned 1 exit status
